The system is: Windows - 10.0.22000 - AMD64
Compiling the C compiler identification source file "CMakeCCompilerId.c" succeeded.
Compiler: C:/Program Files (x86)/Microsoft Visual Studio/2019/Community/VC/Tools/MSVC/14.29.30133/bin/Hostx64/x64/cl.exe 
Build flags: 
Id flags:  

The output was:
0
Microsoft (R) C/C++ wersja kompilatora optymalizującego 19.29.30137 dla x64
Copyright (C) Microsoft Corporation. Wszystkie prawa zastrzeżone.

CMakeCCompilerId.c
Microsoft (R) Incremental Linker Version 14.29.30137.0
Copyright (C) Microsoft Corporation.  All rights reserved.

/out:CMakeCCompilerId.exe 
CMakeCCompilerId.obj 


Compilation of the C compiler identification source "CMakeCCompilerId.c" produced "CMakeCCompilerId.exe"

Compilation of the C compiler identification source "CMakeCCompilerId.c" produced "CMakeCCompilerId.obj"

The C compiler identification is MSVC, found in "C:/Users/jstol/CLionProjects/AsioClientServer/cmake-build-debug/CMakeFiles/3.20.2/CompilerIdC/CMakeCCompilerId.exe"

Compiling the CXX compiler identification source file "CMakeCXXCompilerId.cpp" succeeded.
Compiler: C:/Program Files (x86)/Microsoft Visual Studio/2019/Community/VC/Tools/MSVC/14.29.30133/bin/Hostx64/x64/cl.exe 
Build flags: 
Id flags:  

The output was:
0
Microsoft (R) C/C++ wersja kompilatora optymalizującego 19.29.30137 dla x64
Copyright (C) Microsoft Corporation. Wszystkie prawa zastrzeżone.

CMakeCXXCompilerId.cpp
Microsoft (R) Incremental Linker Version 14.29.30137.0
Copyright (C) Microsoft Corporation.  All rights reserved.

/out:CMakeCXXCompilerId.exe 
CMakeCXXCompilerId.obj 


Compilation of the CXX compiler identification source "CMakeCXXCompilerId.cpp" produced "CMakeCXXCompilerId.exe"

Compilation of the CXX compiler identification source "CMakeCXXCompilerId.cpp" produced "CMakeCXXCompilerId.obj"

The CXX compiler identification is MSVC, found in "C:/Users/jstol/CLionProjects/AsioClientServer/cmake-build-debug/CMakeFiles/3.20.2/CompilerIdCXX/CMakeCXXCompilerId.exe"

Detecting C compiler ABI info compiled with the following output:
Change Dir: C:/Users/jstol/CLionProjects/AsioClientServer/cmake-build-debug/CMakeFiles/CMakeTmp

Run Build Command(s):nmake -f Makefile /nologo cmTC_8efcd\fast && 	"C:\Program Files (x86)\Microsoft Visual Studio\2019\Community\VC\Tools\MSVC\14.29.30133\bin\HostX64\x64\nmake.exe"  -f CMakeFiles\cmTC_8efcd.dir\build.make /nologo -L                  CMakeFiles\cmTC_8efcd.dir\build
Building C object CMakeFiles/cmTC_8efcd.dir/CMakeCCompilerABI.c.obj
	C:\Users\jstol\AppData\Local\JetBrains\Toolbox\apps\CLion\ch-0\212.5457.51\bin\cmake\win\bin\cmake.exe -E cmake_cl_compile_depends --dep-file=CMakeFiles\cmTC_8efcd.dir\CMakeCCompilerABI.c.obj.d --working-dir=C:\Users\jstol\CLionProjects\AsioClientServer\cmake-build-debug\CMakeFiles\CMakeTmp --filter-prefix="" -- C:\PROGRA~2\MICROS~4\2019\COMMUN~1\VC\Tools\MSVC\1429~1.301\bin\Hostx64\x64\cl.exe @C:\Users\jstol\AppData\Local\Temp\nm5BF.tmp
Linking C executable cmTC_8efcd.exe
	C:\Users\jstol\AppData\Local\JetBrains\Toolbox\apps\CLion\ch-0\212.5457.51\bin\cmake\win\bin\cmake.exe -E vs_link_exe --intdir=CMakeFiles\cmTC_8efcd.dir --rc=C:\PROGRA~2\WI3CF2~1\10\bin\100190~1.0\x64\rc.exe --mt=C:\PROGRA~2\WI3CF2~1\10\bin\100190~1.0\x64\mt.exe --manifests -- C:\PROGRA~2\MICROS~4\2019\COMMUN~1\VC\Tools\MSVC\1429~1.301\bin\Hostx64\x64\link.exe /nologo @CMakeFiles\cmTC_8efcd.dir\objects1.rsp @C:\Users\jstol\AppData\Local\Temp\nm870.tmp



Detecting CXX compiler ABI info compiled with the following output:
Change Dir: C:/Users/jstol/CLionProjects/AsioClientServer/cmake-build-debug/CMakeFiles/CMakeTmp

Run Build Command(s):nmake -f Makefile /nologo cmTC_cda95\fast && 	"C:\Program Files (x86)\Microsoft Visual Studio\2019\Community\VC\Tools\MSVC\14.29.30133\bin\HostX64\x64\nmake.exe"  -f CMakeFiles\cmTC_cda95.dir\build.make /nologo -L                  CMakeFiles\cmTC_cda95.dir\build
Building CXX object CMakeFiles/cmTC_cda95.dir/CMakeCXXCompilerABI.cpp.obj
	C:\Users\jstol\AppData\Local\JetBrains\Toolbox\apps\CLion\ch-0\212.5457.51\bin\cmake\win\bin\cmake.exe -E cmake_cl_compile_depends --dep-file=CMakeFiles\cmTC_cda95.dir\CMakeCXXCompilerABI.cpp.obj.d --working-dir=C:\Users\jstol\CLionProjects\AsioClientServer\cmake-build-debug\CMakeFiles\CMakeTmp --filter-prefix="" -- C:\PROGRA~2\MICROS~4\2019\COMMUN~1\VC\Tools\MSVC\1429~1.301\bin\Hostx64\x64\cl.exe @C:\Users\jstol\AppData\Local\Temp\nmB1E.tmp
Linking CXX executable cmTC_cda95.exe
	C:\Users\jstol\AppData\Local\JetBrains\Toolbox\apps\CLion\ch-0\212.5457.51\bin\cmake\win\bin\cmake.exe -E vs_link_exe --intdir=CMakeFiles\cmTC_cda95.dir --rc=C:\PROGRA~2\WI3CF2~1\10\bin\100190~1.0\x64\rc.exe --mt=C:\PROGRA~2\WI3CF2~1\10\bin\100190~1.0\x64\mt.exe --manifests -- C:\PROGRA~2\MICROS~4\2019\COMMUN~1\VC\Tools\MSVC\1429~1.301\bin\Hostx64\x64\link.exe /nologo @CMakeFiles\cmTC_cda95.dir\objects1.rsp @C:\Users\jstol\AppData\Local\Temp\nmBEA.tmp



